<?xml version="1.0" encoding="utf-8"?><testsuites name="pytest tests"><testsuite name="pytest" errors="0" failures="0" skipped="0" tests="16" time="5.171" timestamp="2026-04-30T13:25:33.336514+00:00" hostname="agent-env-03be7c0b-545f-4adf-a29b-5fced23696a4"><testcase classname="backend.tests.test_file_manager.TestFileManagerBasics" name="test_list_files_endpoint" time="0.263" /><testcase classname="backend.tests.test_file_manager.TestFileManagerBasics" name="test_list_files_with_category_filter" time="0.143" /><testcase classname="backend.tests.test_file_manager.TestFileManagerBasics" name="test_list_files_with_semua_filter" time="0.268" /><testcase classname="backend.tests.test_file_manager.TestFileUpload" name="test_upload_txt_file" time="0.169" /><testcase classname="backend.tests.test_file_manager.TestFileUpload" name="test_upload_csv_file" time="0.146" /><testcase classname="backend.tests.test_file_manager.TestFileUpload" name="test_upload_with_default_category" time="0.108" /><testcase classname="backend.tests.test_file_manager.TestFileUpload" name="test_upload_rejects_invalid_extension" time="0.114" /><testcase classname="backend.tests.test_file_manager.TestFileUpload" name="test_upload_rejects_php_extension" time="0.102" /><testcase classname="backend.tests.test_file_manager.TestFileUpload" name="test_upload_rejects_oversized_file" time="0.627" /><testcase classname="backend.tests.test_file_manager.TestFileDownload" name="test_download_existing_file" time="0.226" /><testcase classname="backend.tests.test_file_manager.TestFileDownload" name="test_download_nonexistent_file" time="0.190" /><testcase classname="backend.tests.test_file_manager.TestFileDelete" name="test_delete_existing_file" time="0.338" /><testcase classname="backend.tests.test_file_manager.TestFileDelete" name="test_delete_nonexistent_file" time="0.115" /><testcase classname="backend.tests.test_file_manager.TestFileCRUDFlow" name="test_full_crud_flow" time="0.921" /><testcase classname="backend.tests.test_file_manager.TestFileMetadataUpdate" name="test_update_file_category" time="0.333" /><testcase classname="backend.tests.test_file_manager.TestFileMetadataUpdate" name="test_update_file_notes" time="0.924" /></testsuite></testsuites>