<?xml version="1.0" encoding="utf-8"?><testsuites name="pytest tests"><testsuite name="pytest" errors="0" failures="0" skipped="0" tests="19" time="24.460" timestamp="2026-04-30T12:53:06.071886+00:00" hostname="agent-env-03be7c0b-545f-4adf-a29b-5fced23696a4"><testcase classname="tests.test_api.TestHealthAndRoot" name="test_root_endpoint" time="0.290" /><testcase classname="tests.test_api.TestChatSessions" name="test_create_chat_session" time="0.116" /><testcase classname="tests.test_api.TestChatSessions" name="test_get_chat_sessions" time="0.123" /><testcase classname="tests.test_api.TestChatSessions" name="test_get_chat_messages" time="0.372" /><testcase classname="tests.test_api.TestChatSessions" name="test_delete_chat_session" time="0.220" /><testcase classname="tests.test_api.TestChatAI" name="test_send_chat_message" time="3.573" /><testcase classname="tests.test_api.TestStatisticsCalculator" name="test_calculate_statistics_significant" time="0.139" /><testcase classname="tests.test_api.TestStatisticsCalculator" name="test_calculate_statistics_not_significant" time="0.120" /><testcase classname="tests.test_api.TestStatisticsCalculator" name="test_calculate_statistics_with_minimal_data" time="0.126" /><testcase classname="tests.test_api.TestWritingAssistant" name="test_writing_assist_formal" time="11.047" /><testcase classname="tests.test_api.TestWritingAssistant" name="test_writing_assist_paraphrase" time="5.659" /><testcase classname="tests.test_api.TestTemplates" name="test_get_templates" time="0.122" /><testcase classname="tests.test_api.TestReferenceManager" name="test_create_reference" time="0.114" /><testcase classname="tests.test_api.TestReferenceManager" name="test_get_references" time="0.109" /><testcase classname="tests.test_api.TestReferenceManager" name="test_create_and_delete_reference" time="0.534" /><testcase classname="tests.test_api.TestReferenceManager" name="test_delete_nonexistent_reference" time="0.130" /><testcase classname="tests.test_api.TestResearchData" name="test_create_research_data" time="0.112" /><testcase classname="tests.test_api.TestResearchData" name="test_get_research_data" time="0.144" /><testcase classname="tests.test_api.TestResearchData" name="test_create_and_delete_research_data" time="1.300" /></testsuite></testsuites>