<?xml version="1.0" encoding="utf-8"?><testsuites name="pytest tests"><testsuite name="pytest" errors="0" failures="0" skipped="0" tests="13" time="5.376" timestamp="2026-04-30T13:02:00.836928+00:00" hostname="agent-env-03be7c0b-545f-4adf-a29b-5fced23696a4"><testcase classname="backend.tests.test_new_features.TestProgressTracker" name="test_get_progress_list" time="2.038" /><testcase classname="backend.tests.test_new_features.TestProgressTracker" name="test_seed_progress_if_empty" time="0.132" /><testcase classname="backend.tests.test_new_features.TestProgressTracker" name="test_update_chapter_status" time="0.471" /><testcase classname="backend.tests.test_new_features.TestProgressTracker" name="test_update_chapter_pages" time="0.455" /><testcase classname="backend.tests.test_new_features.TestProgressTracker" name="test_update_chapter_subtasks" time="0.483" /><testcase classname="backend.tests.test_new_features.TestProgressTracker" name="test_update_nonexistent_chapter" time="0.169" /><testcase classname="backend.tests.test_new_features.TestStatisticsExportCSV" name="test_export_csv_basic" time="0.111" /><testcase classname="backend.tests.test_new_features.TestStatisticsExportCSV" name="test_export_csv_with_dmrt" time="0.105" /><testcase classname="backend.tests.test_new_features.TestStatisticsExportCSV" name="test_export_csv_invalid_data" time="0.099" /><testcase classname="backend.tests.test_new_features.TestResearchDataImportCSV" name="test_import_csv_valid" time="0.334" /><testcase classname="backend.tests.test_new_features.TestResearchDataImportCSV" name="test_import_csv_different_format" time="0.264" /><testcase classname="backend.tests.test_new_features.TestResearchDataImportCSV" name="test_import_csv_insufficient_rows" time="0.112" /><testcase classname="backend.tests.test_new_features.TestResearchDataImportCSV" name="test_import_csv_no_numeric_data" time="0.464" /></testsuite></testsuites>